2025-08-27 19:03:40 [info]: GET /api/events?sort=nearest - 500 - 661ms
{
  "service": "ramein-backend"
}
2025-08-27 19:04:24 [info]: GET /api/events?sort=nearest - 500 - 241ms
{
  "service": "ramein-backend"
}
2025-08-27 19:04:32 [info]: GET /api/events?sort=nearest - 500 - 92ms
{
  "service": "ramein-backend"
}
2025-08-27 19:04:33 [info]: GET /api/events?sort=nearest - 500 - 1327ms
{
  "service": "ramein-backend"
}
2025-08-27 19:04:50 [info]: GET /api/events?sort=nearest - 500 - 63ms
{
  "service": "ramein-backend"
}
2025-08-27 19:05:05 [info]: GET /api/events?sort=nearest - 500 - 52ms
{
  "service": "ramein-backend"
}
2025-08-27 19:05:05 [info]: GET /api/events?sort=nearest - 500 - 56ms
{
  "service": "ramein-backend"
}
2025-08-27 19:27:49 [info]: GET /api/events?sort=nearest - 200 - 80ms
{
  "service": "ramein-backend"
}
2025-08-27 19:27:54 [info]: GET /api/events?sort=nearest - 304 - 28ms
{
  "service": "ramein-backend"
}
2025-08-27 19:27:54 [info]: GET /api/events?sort=nearest - 304 - 42ms
{
  "service": "ramein-backend"
}
2025-08-27 19:30:59 [info]: GET /api/events?sort=nearest - 304 - 120ms
{
  "service": "ramein-backend"
}
2025-08-27 19:31:03 [info]: GET /api/events?sort=nearest - 304 - 34ms
{
  "service": "ramein-backend"
}
2025-08-27 19:31:03 [info]: GET /api/events?sort=nearest - 304 - 28ms
{
  "service": "ramein-backend"
}
2025-08-27 19:31:59 [info]: GET /api/events?sort=nearest - 304 - 59ms
{
  "service": "ramein-backend"
}
2025-08-27 19:32:03 [info]: GET /api/events?sort=nearest - 304 - 25ms
{
  "service": "ramein-backend"
}
2025-08-27 19:32:04 [info]: GET /api/events?sort=nearest - 304 - 41ms
{
  "service": "ramein-backend"
}
2025-08-27 19:35:27 [info]: GET /api/events?sort=nearest - 304 - 146ms
{
  "service": "ramein-backend"
}
2025-08-27 19:37:53 [info]: GET /api/events?sort=nearest - 304 - 839ms
{
  "service": "ramein-backend"
}
2025-08-27 19:37:53 [info]: GET /favicon.ico - 404 - 32ms
{
  "service": "ramein-backend"
}
2025-08-27 19:44:38 [info]: GET /api/events?sort=nearest - 200 - 184ms
{
  "service": "ramein-backend"
}
2025-08-27 19:44:41 [info]: GET /api/events?sort=nearest - 304 - 50ms
{
  "service": "ramein-backend"
}
2025-08-27 19:44:42 [info]: GET /api/events?sort=nearest - 304 - 62ms
{
  "service": "ramein-backend"
}
2025-08-27 19:45:03 [info]: GET /api/events?sort=nearest - 304 - 28ms
{
  "service": "ramein-backend"
}
2025-08-27 19:45:03 [info]: GET /api/events?sort=nearest - 304 - 32ms
{
  "service": "ramein-backend"
}
2025-08-27 19:54:53 [info]: GET /api/events?sort=nearest - 200 - 264ms
{
  "service": "ramein-backend"
}
2025-08-27 19:54:57 [info]: GET /api/events?sort=nearest - 304 - 59ms
{
  "service": "ramein-backend"
}
2025-08-27 19:54:57 [info]: GET /api/events?sort=nearest - 304 - 54ms
{
  "service": "ramein-backend"
}
2025-08-27 19:56:40 [info]: GET /api/events?sort=nearest - 304 - 81ms
{
  "service": "ramein-backend"
}
2025-08-27 19:56:48 [info]: GET /api/events?sort=nearest - 304 - 276ms
{
  "service": "ramein-backend"
}
2025-08-27 19:56:53 [info]: GET /api/events?sort=nearest - 304 - 63ms
{
  "service": "ramein-backend"
}
2025-08-27 19:56:53 [info]: GET /api/events?sort=nearest - 304 - 44ms
{
  "service": "ramein-backend"
}
2025-08-27 20:02:44 [info]: GET /api/events?sort=nearest - 200 - 384ms
{
  "service": "ramein-backend"
}
2025-08-27 20:02:52 [info]: GET /api/events?sort=nearest - 304 - 69ms
{
  "service": "ramein-backend"
}
2025-08-27 20:02:52 [info]: GET /api/events?sort=nearest - 304 - 56ms
{
  "service": "ramein-backend"
}
2025-08-27 20:04:27 [info]: Received SIGINT. Starting graceful shutdown...
{
  "service": "ramein-backend"
}
2025-08-27 20:09:05 [info]: GET /api/events?sort=nearest - 200 - 87ms
{
  "service": "ramein-backend"
}
2025-08-27 20:09:11 [info]: GET /api/events?sort=nearest - 304 - 68ms
{
  "service": "ramein-backend"
}
2025-08-27 20:09:11 [info]: GET /api/events?sort=nearest - 304 - 42ms
{
  "service": "ramein-backend"
}
2025-08-27 20:09:22 [info]: GET /api/events?sort=nearest - 304 - 58ms
{
  "service": "ramein-backend"
}
2025-08-27 20:09:22 [info]: GET /api/events?sort=nearest - 304 - 45ms
{
  "service": "ramein-backend"
}
2025-08-27 20:09:46 [info]: GET /api/events?sort=nearest - 304 - 73ms
{
  "service": "ramein-backend"
}
2025-08-27 20:09:47 [info]: GET /api/events?sort=nearest - 304 - 342ms
{
  "service": "ramein-backend"
}
2025-08-27 20:09:49 [info]: GET /api/events?search=a&sort=nearest - 200 - 192ms
{
  "service": "ramein-backend"
}
2025-08-27 20:09:49 [info]: GET /api/events?search=ai&sort=nearest - 200 - 77ms
{
  "service": "ramein-backend"
}
2025-08-27 20:10:14 [info]: GET /api/events?sort=nearest - 304 - 34ms
{
  "service": "ramein-backend"
}
2025-08-27 20:10:14 [info]: GET /api/events?sort=nearest - 304 - 40ms
{
  "service": "ramein-backend"
}
2025-08-27 20:10:23 [info]: GET /api/events?sort=nearest - 304 - 57ms
{
  "service": "ramein-backend"
}
2025-08-27 20:29:18 [info]: GET /api/events?sort=nearest - 304 - 64ms
{
  "service": "ramein-backend"
}
2025-08-27 20:29:25 [info]: GET /api/events?sort=nearest - 304 - 42ms
{
  "service": "ramein-backend"
}
2025-08-27 20:29:25 [info]: GET /api/events?sort=nearest - 304 - 37ms
{
  "service": "ramein-backend"
}
2025-08-27 20:29:54 [info]: GET /api/events?sort=nearest - 304 - 55ms
{
  "service": "ramein-backend"
}
2025-08-27 20:30:00 [info]: GET /api/events?sort=nearest - 304 - 58ms
{
  "service": "ramein-backend"
}
2025-08-27 20:30:00 [info]: GET /api/events?sort=nearest - 304 - 36ms
{
  "service": "ramein-backend"
}
2025-08-27 20:31:24 [info]: GET /api/events?sort=nearest - 304 - 58ms
{
  "service": "ramein-backend"
}
2025-08-27 20:31:32 [info]: GET /api/events/466e2625-8887-49d4-be4d-1995090a5556 - 200 - 73ms
{
  "service": "ramein-backend"
}
2025-08-27 20:31:32 [info]: GET /api/events/466e2625-8887-49d4-be4d-1995090a5556 - 304 - 35ms
{
  "service": "ramein-backend"
}
2025-08-27 20:31:38 [info]: GET /api/events?sort=nearest - 304 - 55ms
{
  "service": "ramein-backend"
}
2025-08-27 20:31:38 [info]: GET /api/events?sort=nearest - 304 - 89ms
{
  "service": "ramein-backend"
}
2025-08-27 20:31:46 [info]: GET /api/events?sort=nearest&category=Marketing - 200 - 31ms
{
  "service": "ramein-backend"
}
2025-08-27 20:31:49 [info]: GET /api/events?sort=nearest - 304 - 59ms
{
  "service": "ramein-backend"
}
