2025-09-04 21:07:57 [info]: GET /api/events?sort=nearest&limit=6 - 200 - 122ms
{
  "service": "ramein-backend"
}
2025-09-04 21:07:57 [info]: GET /api/events?sort=nearest - 200 - 387ms
{
  "service": "ramein-backend"
}
2025-09-04 21:12:26 [info]: GET /api/events?sort=nearest - 304 - 203ms
{
  "service": "ramein-backend"
}
2025-09-04 21:12:26 [info]: GET /api/events?sort=nearest - 304 - 47ms
{
  "service": "ramein-backend"
}
2025-09-04 21:13:13 [info]: GET /api/events/4b0f9eff-3b2d-4377-9f16-830238386501 - 200 - 35ms
{
  "service": "ramein-backend"
}
2025-09-04 21:13:13 [info]: GET /api/events/4b0f9eff-3b2d-4377-9f16-830238386501 - 304 - 35ms
{
  "service": "ramein-backend"
}
2025-09-04 21:13:24 [info]: GET /api/events?sort=nearest&limit=6 - 304 - 27ms
{
  "service": "ramein-backend"
}
2025-09-04 21:13:24 [info]: GET /api/events?sort=nearest&limit=6 - 304 - 29ms
{
  "service": "ramein-backend"
}
2025-09-04 21:13:24 [info]: GET /api/events?sort=nearest - 304 - 58ms
{
  "service": "ramein-backend"
}
2025-09-04 21:13:24 [info]: GET /api/events?sort=nearest - 304 - 26ms
{
  "service": "ramein-backend"
}
2025-09-04 21:13:37 [info]: Received SIGINT. Starting graceful shutdown...
{
  "service": "ramein-backend"
}
